python /home/vark/clawpack-4.x/python/pyclaw/plotters/plotclaw.py '.'/_output    '.'/_plots    setplot.py     
Imported setplot from 
    /home/vark/clawpack-4.x/CC/template-tohoku-fujii/setplot.py
Executed setplot successfully
Will plot 41 frames numbered: [0, 1, 2, 3, 4, 5, 6, 7, 8, 9, 10, 11, 12, 13, 14, 15, 16, 17, 18, 19, 20, 21, 22, 23, 24, 25, 26, 27, 28, 29, 30, 31, 32, 33, 34, 35, 36, 37, 38, 39, 40]
Will make 3 figure(s) for each frame, numbered:  [0, 10, 11]

-----------------------------------


Creating html pages for figures...

Directory '/home/vark/clawpack-4.x/CC/template-tohoku-fujii/_plots' 
    already exists, files may be overwritten 
Directory '/home/vark/clawpack-4.x/CC/template-tohoku-fujii/_plots' 
    already exists, files may be overwritten 
*** Did not find file  /home/vark/clawpack-4.x/CC/template-tohoku-fujii/_output/fort.fg01_0001  in directory  /home/vark/clawpack-4.x/CC/template-tohoku-fujii/_output

-----------------------------------


Creating html pages for timestepping figures...

Directory '/home/vark/clawpack-4.x/CC/template-tohoku-fujii/_plots' 
    already exists, files may be overwritten 
*** Warning: 0 frames to print
*** Warning: 0 figures to print each frame

--------------------------------------------------------

Point your browser to:
    file:///home/vark/clawpack-4.x/CC/template-tohoku-fujii/_plots/_PlotIndex_FixedGrid01.html

Or, if you have the Clawpack server running, point your browser to:
    http://localhost:50005/CC/template-tohoku-fujii/_plots/_PlotIndex_FixedGrid01.html
Now making png files for all figures...
    Reading  Frame 0 at t = 0  from outdir = /home/vark/clawpack-4.x/CC/template-tohoku-fujii/_output
Frame 0 at time t = 0.0
    Reading  Frame 1 at t = 32400  from outdir = /home/vark/clawpack-4.x/CC/template-tohoku-fujii/_output
Frame 1 at time t = 32400.0
    Reading  Frame 2 at t = 32861.5  from outdir = /home/vark/clawpack-4.x/CC/template-tohoku-fujii/_output
Frame 2 at time t = 32861.538
    Reading  Frame 3 at t = 33323.1  from outdir = /home/vark/clawpack-4.x/CC/template-tohoku-fujii/_output
Frame 3 at time t = 33323.077
    Reading  Frame 4 at t = 33784.6  from outdir = /home/vark/clawpack-4.x/CC/template-tohoku-fujii/_output
Frame 4 at time t = 33784.615
    Reading  Frame 5 at t = 34246.2  from outdir = /home/vark/clawpack-4.x/CC/template-tohoku-fujii/_output
Frame 5 at time t = 34246.154
    Reading  Frame 6 at t = 34707.7  from outdir = /home/vark/clawpack-4.x/CC/template-tohoku-fujii/_output
Frame 6 at time t = 34707.692
    Reading  Frame 7 at t = 35169.2  from outdir = /home/vark/clawpack-4.x/CC/template-tohoku-fujii/_output
Frame 7 at time t = 35169.231
    Reading  Frame 8 at t = 35630.8  from outdir = /home/vark/clawpack-4.x/CC/template-tohoku-fujii/_output
Frame 8 at time t = 35630.769
    Reading  Frame 9 at t = 36092.3  from outdir = /home/vark/clawpack-4.x/CC/template-tohoku-fujii/_output
Frame 9 at time t = 36092.308
    Reading  Frame 10 at t = 36553.8  from outdir = /home/vark/clawpack-4.x/CC/template-tohoku-fujii/_output
Frame 10 at time t = 36553.846
    Reading  Frame 11 at t = 37015.4  from outdir = /home/vark/clawpack-4.x/CC/template-tohoku-fujii/_output
Frame 11 at time t = 37015.385
    Reading  Frame 12 at t = 37476.9  from outdir = /home/vark/clawpack-4.x/CC/template-tohoku-fujii/_output
Frame 12 at time t = 37476.923
    Reading  Frame 13 at t = 37938.5  from outdir = /home/vark/clawpack-4.x/CC/template-tohoku-fujii/_output
Frame 13 at time t = 37938.462
    Reading  Frame 14 at t = 38400  from outdir = /home/vark/clawpack-4.x/CC/template-tohoku-fujii/_output
Frame 14 at time t = 38400.0
    Reading  Frame 15 at t = 38861.5  from outdir = /home/vark/clawpack-4.x/CC/template-tohoku-fujii/_output
Frame 15 at time t = 38861.538
    Reading  Frame 16 at t = 39323.1  from outdir = /home/vark/clawpack-4.x/CC/template-tohoku-fujii/_output
Frame 16 at time t = 39323.077
    Reading  Frame 17 at t = 39784.6  from outdir = /home/vark/clawpack-4.x/CC/template-tohoku-fujii/_output
Frame 17 at time t = 39784.615
    Reading  Frame 18 at t = 40246.2  from outdir = /home/vark/clawpack-4.x/CC/template-tohoku-fujii/_output
Frame 18 at time t = 4terminate called after throwing an instance of 'std::bad_alloc'
  what():  std::bad_alloc
0246.154
    Reading  Frame 19 at t = 40707.7  from outdir = /home/vark/clawpack-4.x/CC/template-tohoku-fujii/_output
make: *** [plots] Aborted
